<?xml version="1.0" encoding="UTF-8"?>
<!-- Generated by org.testng.reporters.JUnitReportReporter -->
<testsuite skipped="0" hostname="DESKTOP-J7UJK7R" name="windowHandles.WindowHandles" tests="1" failures="0" timestamp="2022-01-11T22:41:55 IST" time="24.162" errors="0">
  <testcase name="handles" time="24.162" classname="windowHandles.WindowHandles"/>
  <system-out/>
</testsuite> <!-- windowHandles.WindowHandles -->
