<?xml version="1.0" encoding="UTF-8"?>
<!-- Generated by org.testng.reporters.JUnitReportReporter -->
<testsuite skipped="0" hostname="DESKTOP-J7UJK7R" name="testCases.TitleValidation" tests="1" failures="0" timestamp="2022-01-11T15:10:18 IST" time="1.324" errors="0">
  <testcase name="validatingTitle" time="1.324" classname="testCases.TitleValidation"/>
  <system-out/>
</testsuite> <!-- testCases.TitleValidation -->
