<?xml version="1.0" encoding="UTF-8"?>
<!-- Generated by org.testng.reporters.JUnitReportReporter -->
<testsuite skipped="0" hostname="DESKTOP-J7UJK7R" name="homePage.TitleValidation" tests="1" failures="0" timestamp="2022-01-13T15:20:46 IST" time="0.446" errors="0">
  <testcase name="validatingTitle" time="0.446" classname="homePage.TitleValidation"/>
  <system-out/>
</testsuite> <!-- homePage.TitleValidation -->
