<?xml version="1.0" encoding="UTF-8"?>
<!-- Generated by org.testng.reporters.JUnitReportReporter -->
<testsuite skipped="0" hostname="DESKTOP-J7UJK7R" name="utilities.Base" tests="1" failures="0" timestamp="2022-01-11T14:29:50 IST" time="0.075" errors="0">
  <testcase name="driverInitilization" time="0.075" classname="utilities.Base"/>
  <system-out/>
</testsuite> <!-- utilities.Base -->
